[0.086s] Invoking command in '/home/light/ros2_ws/src/cpp_pubsub/build/cpp_pubsub': CMAKE_PREFIX_PATH=/opt/ros/humble /usr/bin/cmake --build /home/light/ros2_ws/src/cpp_pubsub/build/cpp_pubsub -- -j8 -l8
[0.142s] [35m[1mConsolidate compiler generated dependencies of target listener[0m
[0.158s] [ 50%] Built target talker
[0.170s] [100%] Built target listener
[0.184s] Invoked command in '/home/light/ros2_ws/src/cpp_pubsub/build/cpp_pubsub' returned '0': CMAKE_PREFIX_PATH=/opt/ros/humble /usr/bin/cmake --build /home/light/ros2_ws/src/cpp_pubsub/build/cpp_pubsub -- -j8 -l8
[0.230s] Invoking command in '/home/light/ros2_ws/src/cpp_pubsub/build/cpp_pubsub': CMAKE_PREFIX_PATH=/opt/ros/humble /usr/bin/cmake --install /home/light/ros2_ws/src/cpp_pubsub/build/cpp_pubsub
[0.239s] -- Install configuration: ""
[0.239s] -- Up-to-date: /home/light/ros2_ws/src/cpp_pubsub/install/cpp_pubsub/lib/cpp_pubsub/talker
[0.240s] -- Up-to-date: /home/light/ros2_ws/src/cpp_pubsub/install/cpp_pubsub/lib/cpp_pubsub/listener
[0.240s] -- Up-to-date: /home/light/ros2_ws/src/cpp_pubsub/install/cpp_pubsub/share/ament_index/resource_index/package_run_dependencies/cpp_pubsub
[0.240s] -- Up-to-date: /home/light/ros2_ws/src/cpp_pubsub/install/cpp_pubsub/share/ament_index/resource_index/parent_prefix_path/cpp_pubsub
[0.240s] -- Up-to-date: /home/light/ros2_ws/src/cpp_pubsub/install/cpp_pubsub/share/cpp_pubsub/environment/ament_prefix_path.sh
[0.240s] -- Up-to-date: /home/light/ros2_ws/src/cpp_pubsub/install/cpp_pubsub/share/cpp_pubsub/environment/ament_prefix_path.dsv
[0.240s] -- Up-to-date: /home/light/ros2_ws/src/cpp_pubsub/install/cpp_pubsub/share/cpp_pubsub/environment/path.sh
[0.241s] -- Up-to-date: /home/light/ros2_ws/src/cpp_pubsub/install/cpp_pubsub/share/cpp_pubsub/environment/path.dsv
[0.241s] -- Up-to-date: /home/light/ros2_ws/src/cpp_pubsub/install/cpp_pubsub/share/cpp_pubsub/local_setup.bash
[0.241s] -- Up-to-date: /home/light/ros2_ws/src/cpp_pubsub/install/cpp_pubsub/share/cpp_pubsub/local_setup.sh
[0.241s] -- Up-to-date: /home/light/ros2_ws/src/cpp_pubsub/install/cpp_pubsub/share/cpp_pubsub/local_setup.zsh
[0.241s] -- Up-to-date: /home/light/ros2_ws/src/cpp_pubsub/install/cpp_pubsub/share/cpp_pubsub/local_setup.dsv
[0.241s] -- Installing: /home/light/ros2_ws/src/cpp_pubsub/install/cpp_pubsub/share/cpp_pubsub/package.dsv
[0.241s] -- Up-to-date: /home/light/ros2_ws/src/cpp_pubsub/install/cpp_pubsub/share/ament_index/resource_index/packages/cpp_pubsub
[0.241s] -- Up-to-date: /home/light/ros2_ws/src/cpp_pubsub/install/cpp_pubsub/share/cpp_pubsub/cmake/cpp_pubsubConfig.cmake
[0.241s] -- Up-to-date: /home/light/ros2_ws/src/cpp_pubsub/install/cpp_pubsub/share/cpp_pubsub/cmake/cpp_pubsubConfig-version.cmake
[0.242s] -- Up-to-date: /home/light/ros2_ws/src/cpp_pubsub/install/cpp_pubsub/share/cpp_pubsub/package.xml
[0.243s] Invoked command in '/home/light/ros2_ws/src/cpp_pubsub/build/cpp_pubsub' returned '0': CMAKE_PREFIX_PATH=/opt/ros/humble /usr/bin/cmake --install /home/light/ros2_ws/src/cpp_pubsub/build/cpp_pubsub
