[0.039s] Invoking command in '/home/light/ros2_ws/src/cpp_pubsub/build/cpp_pubsub': CMAKE_PREFIX_PATH=/opt/ros/humble /usr/bin/cmake --build /home/light/ros2_ws/src/cpp_pubsub/build/cpp_pubsub -- -j8 -l8
[0.081s] [35m[1mConsolidate compiler generated dependencies of target listener[0m
[0.088s] [ 50%] Built target talker
[0.094s] [ 75%] [32mBuilding CXX object CMakeFiles/listener.dir/src/subscriber_member_function.cpp.o[0m
[1.669s] [01m[K/home/light/ros2_ws/src/cpp_pubsub/src/subscriber_member_function.cpp:[m[K In member function ‘[01m[Kvoid MinimalSubscriber::topic_callback(const Joy&) const[m[K’:
[1.669s] [01m[K/home/light/ros2_ws/src/cpp_pubsub/src/subscriber_member_function.cpp:44:53:[m[K [01;35m[Kwarning: [m[Kunused parameter ‘[01m[Kmsg[m[K’ [[01;35m[K]8;;https://gcc.gnu.org/onlinedocs/gcc/Warning-Options.html#index-Wunused-parameter-Wunused-parameter]8;;[m[K]
[1.670s]    44 |   void topic_callback([01;35m[Kconst sensor_msgs::msg::Joy & msg[m[K) const
[1.670s]       |                       [01;35m[K~~~~~~~~~~~~~~~~~~~~~~~~~~~~~~^~~[m[K
[1.670s] [01m[K/home/light/ros2_ws/src/cpp_pubsub/src/subscriber_member_function.cpp:[m[K In constructor ‘[01m[KSerialPublisher::SerialPublisher(char*)[m[K’:
[1.670s] [01m[K/home/light/ros2_ws/src/cpp_pubsub/src/subscriber_member_function.cpp:59:26:[m[K [01;35m[Kwarning: [m[Kunused parameter ‘[01m[Kport[m[K’ [[01;35m[K]8;;https://gcc.gnu.org/onlinedocs/gcc/Warning-Options.html#index-Wunused-parameter-Wunused-parameter]8;;[m[K]
[1.670s]    59 |   SerialPublisher([01;35m[Kchar * port[m[K) {
[1.670s]       |                   [01;35m[K~~~~~~~^~~~[m[K
[5.615s] [100%] [32m[1mLinking CXX executable listener[0m
[5.945s] [100%] Built target listener
[5.957s] Invoked command in '/home/light/ros2_ws/src/cpp_pubsub/build/cpp_pubsub' returned '0': CMAKE_PREFIX_PATH=/opt/ros/humble /usr/bin/cmake --build /home/light/ros2_ws/src/cpp_pubsub/build/cpp_pubsub -- -j8 -l8
[5.983s] Invoking command in '/home/light/ros2_ws/src/cpp_pubsub/build/cpp_pubsub': CMAKE_PREFIX_PATH=/opt/ros/humble /usr/bin/cmake --install /home/light/ros2_ws/src/cpp_pubsub/build/cpp_pubsub
[5.989s] -- Install configuration: ""
[5.989s] -- Up-to-date: /home/light/ros2_ws/src/cpp_pubsub/install/cpp_pubsub/lib/cpp_pubsub/talker
[5.990s] -- Installing: /home/light/ros2_ws/src/cpp_pubsub/install/cpp_pubsub/lib/cpp_pubsub/listener
[5.995s] -- Set runtime path of "/home/light/ros2_ws/src/cpp_pubsub/install/cpp_pubsub/lib/cpp_pubsub/listener" to ""
[5.996s] -- Up-to-date: /home/light/ros2_ws/src/cpp_pubsub/install/cpp_pubsub/share/ament_index/resource_index/package_run_dependencies/cpp_pubsub
[5.996s] -- Up-to-date: /home/light/ros2_ws/src/cpp_pubsub/install/cpp_pubsub/share/ament_index/resource_index/parent_prefix_path/cpp_pubsub
[5.996s] -- Up-to-date: /home/light/ros2_ws/src/cpp_pubsub/install/cpp_pubsub/share/cpp_pubsub/environment/ament_prefix_path.sh
[5.996s] -- Up-to-date: /home/light/ros2_ws/src/cpp_pubsub/install/cpp_pubsub/share/cpp_pubsub/environment/ament_prefix_path.dsv
[5.996s] -- Up-to-date: /home/light/ros2_ws/src/cpp_pubsub/install/cpp_pubsub/share/cpp_pubsub/environment/path.sh
[5.996s] -- Up-to-date: /home/light/ros2_ws/src/cpp_pubsub/install/cpp_pubsub/share/cpp_pubsub/environment/path.dsv
[5.996s] -- Up-to-date: /home/light/ros2_ws/src/cpp_pubsub/install/cpp_pubsub/share/cpp_pubsub/local_setup.bash
[5.996s] -- Up-to-date: /home/light/ros2_ws/src/cpp_pubsub/install/cpp_pubsub/share/cpp_pubsub/local_setup.sh
[5.996s] -- Up-to-date: /home/light/ros2_ws/src/cpp_pubsub/install/cpp_pubsub/share/cpp_pubsub/local_setup.zsh
[5.996s] -- Up-to-date: /home/light/ros2_ws/src/cpp_pubsub/install/cpp_pubsub/share/cpp_pubsub/local_setup.dsv
[5.996s] -- Installing: /home/light/ros2_ws/src/cpp_pubsub/install/cpp_pubsub/share/cpp_pubsub/package.dsv
[5.996s] -- Up-to-date: /home/light/ros2_ws/src/cpp_pubsub/install/cpp_pubsub/share/ament_index/resource_index/packages/cpp_pubsub
[5.996s] -- Up-to-date: /home/light/ros2_ws/src/cpp_pubsub/install/cpp_pubsub/share/cpp_pubsub/cmake/cpp_pubsubConfig.cmake
[5.996s] -- Up-to-date: /home/light/ros2_ws/src/cpp_pubsub/install/cpp_pubsub/share/cpp_pubsub/cmake/cpp_pubsubConfig-version.cmake
[5.997s] -- Up-to-date: /home/light/ros2_ws/src/cpp_pubsub/install/cpp_pubsub/share/cpp_pubsub/package.xml
[5.998s] Invoked command in '/home/light/ros2_ws/src/cpp_pubsub/build/cpp_pubsub' returned '0': CMAKE_PREFIX_PATH=/opt/ros/humble /usr/bin/cmake --install /home/light/ros2_ws/src/cpp_pubsub/build/cpp_pubsub
