[1.980s] DEBUG:colcon:Command line arguments: ['/usr/bin/colcon', 'build']
[1.980s] DEBUG:colcon:Parsed command line arguments: Namespace(log_base=None, log_level=None, verb_name='build', build_base='build', install_base='install', merge_install=False, symlink_install=False, test_result_base=None, continue_on_error=False, executor='parallel', parallel_workers=8, event_handlers=None, ignore_user_meta=False, metas=['./colcon.meta'], base_paths=['.'], packages_ignore=None, packages_ignore_regex=None, paths=None, packages_up_to=None, packages_up_to_regex=None, packages_above=None, packages_above_and_dependencies=None, packages_above_depth=None, packages_select_by_dep=None, packages_skip_by_dep=None, packages_skip_up_to=None, packages_select_build_failed=False, packages_skip_build_finished=False, packages_select_test_failures=False, packages_skip_test_passed=False, packages_select=None, packages_skip=None, packages_select_regex=None, packages_skip_regex=None, packages_start=None, packages_end=None, allow_overriding=[], lookup_in_workspace=False, cargo_args=None, clean_build=False, cmake_args=None, cmake_target=None, cmake_target_skip_unavailable=False, cmake_clean_cache=False, cmake_clean_first=False, cmake_force_configure=False, ament_cmake_args=None, catkin_cmake_args=None, catkin_skip_building_tests=False, verb_parser=<colcon_defaults.argument_parser.defaults.DefaultArgumentsDecorator object at 0x7f28b2346d40>, verb_extension=<colcon_core.verb.build.BuildVerb object at 0x7f28b2334940>, main=<bound method BuildVerb.main of <colcon_core.verb.build.BuildVerb object at 0x7f28b2334940>>)
[2.072s] Level 1:colcon.colcon_core.package_discovery:discover_packages(colcon_meta) check parameters
[2.072s] Level 1:colcon.colcon_core.package_discovery:discover_packages(recursive) check parameters
[2.072s] Level 1:colcon.colcon_core.package_discovery:discover_packages(ignore) check parameters
[2.072s] Level 1:colcon.colcon_core.package_discovery:discover_packages(path) check parameters
[2.072s] Level 1:colcon.colcon_core.package_discovery:discover_packages(colcon_meta) discover
[2.072s] Level 1:colcon.colcon_core.package_discovery:discover_packages(recursive) discover
[2.072s] INFO:colcon.colcon_core.package_discovery:Crawling recursively for packages in '/home/light/ros2_ws/src/cpp_pubsub'
[2.073s] Level 1:colcon.colcon_core.package_identification:_identify(.) by extensions ['ignore', 'ignore_ament_install']
[2.073s] Level 1:colcon.colcon_core.package_identification:_identify(.) by extension 'ignore'
[2.073s] Level 1:colcon.colcon_core.package_identification:_identify(.) by extension 'ignore_ament_install'
[2.073s] Level 1:colcon.colcon_core.package_identification:_identify(.) by extensions ['colcon_pkg']
[2.073s] Level 1:colcon.colcon_core.package_identification:_identify(.) by extension 'colcon_pkg'
[2.073s] Level 1:colcon.colcon_core.package_identification:_identify(.) by extensions ['colcon_meta']
[2.073s] Level 1:colcon.colcon_core.package_identification:_identify(.) by extension 'colcon_meta'
[2.073s] Level 1:colcon.colcon_core.package_identification:_identify(.) by extensions ['ament_cargo']
[2.073s] Level 1:colcon.colcon_core.package_identification:_identify(.) by extension 'ament_cargo'
[2.073s] Level 1:colcon.colcon_core.package_identification:_identify(.) by extensions ['ros']
[2.073s] Level 1:colcon.colcon_core.package_identification:_identify(.) by extension 'ros'
[2.099s] DEBUG:colcon.colcon_core.package_identification:Package '.' with type 'ros.ament_cmake' and name 'cpp_pubsub'
[2.099s] Level 1:colcon.colcon_core.package_discovery:discover_packages(recursive) using defaults
[2.099s] Level 1:colcon.colcon_core.package_discovery:discover_packages(ignore) discover
[2.099s] Level 1:colcon.colcon_core.package_discovery:discover_packages(ignore) using defaults
[2.099s] Level 1:colcon.colcon_core.package_discovery:discover_packages(path) discover
[2.099s] Level 1:colcon.colcon_core.package_discovery:discover_packages(path) using defaults
[2.263s] Level 1:colcon.colcon_core.package_discovery:discover_packages(prefix_path) check parameters
[2.263s] Level 1:colcon.colcon_core.package_discovery:discover_packages(prefix_path) discover
[2.347s] DEBUG:colcon.colcon_installed_package_information.package_discovery:Found 295 installed packages in /opt/ros/humble
[2.350s] Level 1:colcon.colcon_core.package_discovery:discover_packages(prefix_path) using defaults
[2.514s] Level 5:colcon.colcon_core.verb:set package 'cpp_pubsub' build argument 'lookup_in_workspace' from command line to 'False'
[2.514s] Level 5:colcon.colcon_core.verb:set package 'cpp_pubsub' build argument 'cargo_args' from command line to 'None'
[2.515s] Level 5:colcon.colcon_core.verb:set package 'cpp_pubsub' build argument 'clean_build' from command line to 'False'
[2.515s] Level 5:colcon.colcon_core.verb:set package 'cpp_pubsub' build argument 'cmake_args' from command line to 'None'
[2.515s] Level 5:colcon.colcon_core.verb:set package 'cpp_pubsub' build argument 'cmake_target' from command line to 'None'
[2.515s] Level 5:colcon.colcon_core.verb:set package 'cpp_pubsub' build argument 'cmake_target_skip_unavailable' from command line to 'False'
[2.515s] Level 5:colcon.colcon_core.verb:set package 'cpp_pubsub' build argument 'cmake_clean_cache' from command line to 'False'
[2.515s] Level 5:colcon.colcon_core.verb:set package 'cpp_pubsub' build argument 'cmake_clean_first' from command line to 'False'
[2.515s] Level 5:colcon.colcon_core.verb:set package 'cpp_pubsub' build argument 'cmake_force_configure' from command line to 'False'
[2.515s] Level 5:colcon.colcon_core.verb:set package 'cpp_pubsub' build argument 'ament_cmake_args' from command line to 'None'
[2.515s] Level 5:colcon.colcon_core.verb:set package 'cpp_pubsub' build argument 'catkin_cmake_args' from command line to 'None'
[2.515s] Level 5:colcon.colcon_core.verb:set package 'cpp_pubsub' build argument 'catkin_skip_building_tests' from command line to 'False'
[2.515s] DEBUG:colcon.colcon_core.verb:Building package 'cpp_pubsub' with the following arguments: {'ament_cmake_args': None, 'build_base': '/home/light/ros2_ws/src/cpp_pubsub/build/cpp_pubsub', 'cargo_args': None, 'catkin_cmake_args': None, 'catkin_skip_building_tests': False, 'clean_build': False, 'cmake_args': None, 'cmake_clean_cache': False, 'cmake_clean_first': False, 'cmake_force_configure': False, 'cmake_target': None, 'cmake_target_skip_unavailable': False, 'install_base': '/home/light/ros2_ws/src/cpp_pubsub/install/cpp_pubsub', 'lookup_in_workspace': False, 'merge_install': False, 'path': '/home/light/ros2_ws/src/cpp_pubsub', 'symlink_install': False, 'test_result_base': None}
[2.541s] INFO:colcon.colcon_core.executor:Executing jobs using 'parallel' executor
[2.569s] DEBUG:colcon.colcon_parallel_executor.executor.parallel:run_until_complete
[2.570s] INFO:colcon.colcon_ros.task.ament_cmake.build:Building ROS package in '/home/light/ros2_ws/src/cpp_pubsub' with build type 'ament_cmake'
[2.570s] INFO:colcon.colcon_cmake.task.cmake.build:Building CMake package in '/home/light/ros2_ws/src/cpp_pubsub'
[2.600s] INFO:colcon.colcon_core.plugin_system:Skipping extension 'colcon_core.shell.bat': Not used on non-Windows systems
[2.600s] INFO:colcon.colcon_core.shell:Skip shell extension 'powershell' for command environment: Not usable outside of PowerShell
[2.601s] DEBUG:colcon.colcon_core.shell:Skip shell extension 'dsv' for command environment
[2.672s] DEBUG:colcon.colcon_core.event_handler.log_command:Invoking command in '/home/light/ros2_ws/src/cpp_pubsub/build/cpp_pubsub': CMAKE_PREFIX_PATH=/opt/ros/humble /usr/bin/cmake /home/light/ros2_ws/src/cpp_pubsub -DCMAKE_INSTALL_PREFIX=/home/light/ros2_ws/src/cpp_pubsub/install/cpp_pubsub
[3.798s] DEBUG:colcon.colcon_core.event_handler.log_command:Invoked command in '/home/light/ros2_ws/src/cpp_pubsub/build/cpp_pubsub' returned '0': CMAKE_PREFIX_PATH=/opt/ros/humble /usr/bin/cmake /home/light/ros2_ws/src/cpp_pubsub -DCMAKE_INSTALL_PREFIX=/home/light/ros2_ws/src/cpp_pubsub/install/cpp_pubsub
[3.803s] DEBUG:colcon.colcon_core.event_handler.log_command:Invoking command in '/home/light/ros2_ws/src/cpp_pubsub/build/cpp_pubsub': CMAKE_PREFIX_PATH=/opt/ros/humble /usr/bin/cmake --build /home/light/ros2_ws/src/cpp_pubsub/build/cpp_pubsub -- -j8 -l8
[4.235s] DEBUG:colcon.colcon_core.event_handler.log_command:Invoked command in '/home/light/ros2_ws/src/cpp_pubsub/build/cpp_pubsub' returned '2': CMAKE_PREFIX_PATH=/opt/ros/humble /usr/bin/cmake --build /home/light/ros2_ws/src/cpp_pubsub/build/cpp_pubsub -- -j8 -l8
[4.305s] Level 1:colcon.colcon_core.environment:create_environment_scripts_only(cpp_pubsub)
[4.338s] Level 1:colcon.colcon_core.environment:checking '/home/light/ros2_ws/src/cpp_pubsub/install/cpp_pubsub' for CMake module files
[4.339s] Level 1:colcon.colcon_core.environment:checking '/home/light/ros2_ws/src/cpp_pubsub/install/cpp_pubsub' for CMake config files
[4.339s] Level 1:colcon.colcon_core.shell:create_environment_hook('cpp_pubsub', 'cmake_prefix_path')
[4.368s] INFO:colcon.colcon_core.shell:Creating environment hook '/home/light/ros2_ws/src/cpp_pubsub/install/cpp_pubsub/share/cpp_pubsub/hook/cmake_prefix_path.ps1'
[4.369s] INFO:colcon.colcon_core.shell:Creating environment descriptor '/home/light/ros2_ws/src/cpp_pubsub/install/cpp_pubsub/share/cpp_pubsub/hook/cmake_prefix_path.dsv'
[4.370s] INFO:colcon.colcon_core.shell:Creating environment hook '/home/light/ros2_ws/src/cpp_pubsub/install/cpp_pubsub/share/cpp_pubsub/hook/cmake_prefix_path.sh'
[4.372s] Level 1:colcon.colcon_core.environment:checking '/home/light/ros2_ws/src/cpp_pubsub/install/cpp_pubsub/lib'
[4.372s] Level 1:colcon.colcon_core.environment:checking '/home/light/ros2_ws/src/cpp_pubsub/install/cpp_pubsub/bin'
[4.372s] Level 1:colcon.colcon_core.environment:checking '/home/light/ros2_ws/src/cpp_pubsub/install/cpp_pubsub/lib/pkgconfig/cpp_pubsub.pc'
[4.373s] Level 1:colcon.colcon_core.environment:checking '/home/light/ros2_ws/src/cpp_pubsub/install/cpp_pubsub/lib/python3.10/site-packages'
[4.373s] Level 1:colcon.colcon_core.environment:checking '/home/light/ros2_ws/src/cpp_pubsub/install/cpp_pubsub/bin'
[4.405s] INFO:colcon.colcon_core.shell:Creating package script '/home/light/ros2_ws/src/cpp_pubsub/install/cpp_pubsub/share/cpp_pubsub/package.ps1'
[4.406s] INFO:colcon.colcon_core.shell:Creating package descriptor '/home/light/ros2_ws/src/cpp_pubsub/install/cpp_pubsub/share/cpp_pubsub/package.dsv'
[4.407s] INFO:colcon.colcon_core.shell:Creating package script '/home/light/ros2_ws/src/cpp_pubsub/install/cpp_pubsub/share/cpp_pubsub/package.sh'
[4.408s] INFO:colcon.colcon_core.shell:Creating package script '/home/light/ros2_ws/src/cpp_pubsub/install/cpp_pubsub/share/cpp_pubsub/package.bash'
[4.410s] INFO:colcon.colcon_core.shell:Creating package script '/home/light/ros2_ws/src/cpp_pubsub/install/cpp_pubsub/share/cpp_pubsub/package.zsh'
[4.411s] Level 1:colcon.colcon_core.environment:create_file_with_runtime_dependencies(/home/light/ros2_ws/src/cpp_pubsub/install/cpp_pubsub/share/colcon-core/packages/cpp_pubsub)
[4.422s] DEBUG:colcon.colcon_parallel_executor.executor.parallel:closing loop
[4.422s] DEBUG:colcon.colcon_parallel_executor.executor.parallel:loop closed
[4.422s] DEBUG:colcon.colcon_parallel_executor.executor.parallel:run_until_complete finished with '2'
[4.422s] DEBUG:colcon.colcon_core.event_reactor:joining thread
[4.460s] INFO:colcon.colcon_core.plugin_system:Skipping extension 'colcon_notification.desktop_notification.terminal_notifier': Not used on non-Darwin systems
[4.460s] INFO:colcon.colcon_core.plugin_system:Skipping extension 'colcon_notification.desktop_notification.win32': Not used on non-Windows systems
[4.461s] INFO:colcon.colcon_notification.desktop_notification:Sending desktop notification using 'notify2'
[4.481s] DEBUG:colcon.colcon_core.event_reactor:joined thread
[4.522s] INFO:colcon.colcon_core.shell:Creating prefix script '/home/light/ros2_ws/src/cpp_pubsub/install/local_setup.ps1'
[4.524s] INFO:colcon.colcon_core.shell:Creating prefix util module '/home/light/ros2_ws/src/cpp_pubsub/install/_local_setup_util_ps1.py'
[4.527s] INFO:colcon.colcon_core.shell:Creating prefix chain script '/home/light/ros2_ws/src/cpp_pubsub/install/setup.ps1'
[4.560s] INFO:colcon.colcon_core.shell:Creating prefix script '/home/light/ros2_ws/src/cpp_pubsub/install/local_setup.sh'
[4.561s] INFO:colcon.colcon_core.shell:Creating prefix util module '/home/light/ros2_ws/src/cpp_pubsub/install/_local_setup_util_sh.py'
[4.562s] INFO:colcon.colcon_core.shell:Creating prefix chain script '/home/light/ros2_ws/src/cpp_pubsub/install/setup.sh'
[4.592s] INFO:colcon.colcon_core.shell:Creating prefix script '/home/light/ros2_ws/src/cpp_pubsub/install/local_setup.bash'
[4.592s] INFO:colcon.colcon_core.shell:Creating prefix chain script '/home/light/ros2_ws/src/cpp_pubsub/install/setup.bash'
[4.623s] INFO:colcon.colcon_core.shell:Creating prefix script '/home/light/ros2_ws/src/cpp_pubsub/install/local_setup.zsh'
[4.624s] INFO:colcon.colcon_core.shell:Creating prefix chain script '/home/light/ros2_ws/src/cpp_pubsub/install/setup.zsh'
