[0.757s] DEBUG:colcon:Command line arguments: ['/usr/bin/colcon', 'build', '--packages-select', 'cpp_pubsub']
[0.757s] DEBUG:colcon:Parsed command line arguments: Namespace(log_base=None, log_level=None, verb_name='build', build_base='build', install_base='install', merge_install=False, symlink_install=False, test_result_base=None, continue_on_error=False, executor='parallel', parallel_workers=8, event_handlers=None, ignore_user_meta=False, metas=['./colcon.meta'], base_paths=['.'], packages_ignore=None, packages_ignore_regex=None, paths=None, packages_up_to=None, packages_up_to_regex=None, packages_above=None, packages_above_and_dependencies=None, packages_above_depth=None, packages_select_by_dep=None, packages_skip_by_dep=None, packages_skip_up_to=None, packages_select_build_failed=False, packages_skip_build_finished=False, packages_select_test_failures=False, packages_skip_test_passed=False, packages_select=['cpp_pubsub'], packages_skip=None, packages_select_regex=None, packages_skip_regex=None, packages_start=None, packages_end=None, allow_overriding=[], lookup_in_workspace=False, cargo_args=None, clean_build=False, cmake_args=None, cmake_target=None, cmake_target_skip_unavailable=False, cmake_clean_cache=False, cmake_clean_first=False, cmake_force_configure=False, ament_cmake_args=None, catkin_cmake_args=None, catkin_skip_building_tests=False, verb_parser=<colcon_defaults.argument_parser.defaults.DefaultArgumentsDecorator object at 0x7fa1f78e31c0>, verb_extension=<colcon_core.verb.build.BuildVerb object at 0x7fa1f78d3f10>, main=<bound method BuildVerb.main of <colcon_core.verb.build.BuildVerb object at 0x7fa1f78d3f10>>)
[0.789s] Level 1:colcon.colcon_core.package_discovery:discover_packages(colcon_meta) check parameters
[0.789s] Level 1:colcon.colcon_core.package_discovery:discover_packages(recursive) check parameters
[0.789s] Level 1:colcon.colcon_core.package_discovery:discover_packages(ignore) check parameters
[0.789s] Level 1:colcon.colcon_core.package_discovery:discover_packages(path) check parameters
[0.789s] Level 1:colcon.colcon_core.package_discovery:discover_packages(colcon_meta) discover
[0.789s] Level 1:colcon.colcon_core.package_discovery:discover_packages(recursive) discover
[0.789s] INFO:colcon.colcon_core.package_discovery:Crawling recursively for packages in '/home/light/ros2_ws/src/cpp_pubsub'
[0.789s] Level 1:colcon.colcon_core.package_identification:_identify(.) by extensions ['ignore', 'ignore_ament_install']
[0.789s] Level 1:colcon.colcon_core.package_identification:_identify(.) by extension 'ignore'
[0.789s] Level 1:colcon.colcon_core.package_identification:_identify(.) by extension 'ignore_ament_install'
[0.789s] Level 1:colcon.colcon_core.package_identification:_identify(.) by extensions ['colcon_pkg']
[0.789s] Level 1:colcon.colcon_core.package_identification:_identify(.) by extension 'colcon_pkg'
[0.789s] Level 1:colcon.colcon_core.package_identification:_identify(.) by extensions ['colcon_meta']
[0.789s] Level 1:colcon.colcon_core.package_identification:_identify(.) by extension 'colcon_meta'
[0.789s] Level 1:colcon.colcon_core.package_identification:_identify(.) by extensions ['ament_cargo']
[0.789s] Level 1:colcon.colcon_core.package_identification:_identify(.) by extension 'ament_cargo'
[0.789s] Level 1:colcon.colcon_core.package_identification:_identify(.) by extensions ['ros']
[0.789s] Level 1:colcon.colcon_core.package_identification:_identify(.) by extension 'ros'
[0.799s] DEBUG:colcon.colcon_core.package_identification:Package '.' with type 'ros.ament_cmake' and name 'cpp_pubsub'
[0.799s] Level 1:colcon.colcon_core.package_discovery:discover_packages(recursive) using defaults
[0.799s] Level 1:colcon.colcon_core.package_discovery:discover_packages(ignore) discover
[0.799s] Level 1:colcon.colcon_core.package_discovery:discover_packages(ignore) using defaults
[0.799s] Level 1:colcon.colcon_core.package_discovery:discover_packages(path) discover
[0.799s] Level 1:colcon.colcon_core.package_discovery:discover_packages(path) using defaults
[0.862s] Level 1:colcon.colcon_core.package_discovery:discover_packages(prefix_path) check parameters
[0.863s] Level 1:colcon.colcon_core.package_discovery:discover_packages(prefix_path) discover
[0.892s] DEBUG:colcon.colcon_installed_package_information.package_discovery:Found 295 installed packages in /opt/ros/humble
[0.893s] Level 1:colcon.colcon_core.package_discovery:discover_packages(prefix_path) using defaults
[0.958s] Level 5:colcon.colcon_core.verb:set package 'cpp_pubsub' build argument 'lookup_in_workspace' from command line to 'False'
[0.958s] Level 5:colcon.colcon_core.verb:set package 'cpp_pubsub' build argument 'cargo_args' from command line to 'None'
[0.958s] Level 5:colcon.colcon_core.verb:set package 'cpp_pubsub' build argument 'clean_build' from command line to 'False'
[0.958s] Level 5:colcon.colcon_core.verb:set package 'cpp_pubsub' build argument 'cmake_args' from command line to 'None'
[0.958s] Level 5:colcon.colcon_core.verb:set package 'cpp_pubsub' build argument 'cmake_target' from command line to 'None'
[0.958s] Level 5:colcon.colcon_core.verb:set package 'cpp_pubsub' build argument 'cmake_target_skip_unavailable' from command line to 'False'
[0.958s] Level 5:colcon.colcon_core.verb:set package 'cpp_pubsub' build argument 'cmake_clean_cache' from command line to 'False'
[0.958s] Level 5:colcon.colcon_core.verb:set package 'cpp_pubsub' build argument 'cmake_clean_first' from command line to 'False'
[0.958s] Level 5:colcon.colcon_core.verb:set package 'cpp_pubsub' build argument 'cmake_force_configure' from command line to 'False'
[0.958s] Level 5:colcon.colcon_core.verb:set package 'cpp_pubsub' build argument 'ament_cmake_args' from command line to 'None'
[0.958s] Level 5:colcon.colcon_core.verb:set package 'cpp_pubsub' build argument 'catkin_cmake_args' from command line to 'None'
[0.958s] Level 5:colcon.colcon_core.verb:set package 'cpp_pubsub' build argument 'catkin_skip_building_tests' from command line to 'False'
[0.958s] DEBUG:colcon.colcon_core.verb:Building package 'cpp_pubsub' with the following arguments: {'ament_cmake_args': None, 'build_base': '/home/light/ros2_ws/src/cpp_pubsub/build/cpp_pubsub', 'cargo_args': None, 'catkin_cmake_args': None, 'catkin_skip_building_tests': False, 'clean_build': False, 'cmake_args': None, 'cmake_clean_cache': False, 'cmake_clean_first': False, 'cmake_force_configure': False, 'cmake_target': None, 'cmake_target_skip_unavailable': False, 'install_base': '/home/light/ros2_ws/src/cpp_pubsub/install/cpp_pubsub', 'lookup_in_workspace': False, 'merge_install': False, 'path': '/home/light/ros2_ws/src/cpp_pubsub', 'symlink_install': False, 'test_result_base': None}
[0.969s] INFO:colcon.colcon_core.executor:Executing jobs using 'parallel' executor
[0.980s] DEBUG:colcon.colcon_parallel_executor.executor.parallel:run_until_complete
[0.980s] INFO:colcon.colcon_ros.task.ament_cmake.build:Building ROS package in '/home/light/ros2_ws/src/cpp_pubsub' with build type 'ament_cmake'
[0.981s] INFO:colcon.colcon_cmake.task.cmake.build:Building CMake package in '/home/light/ros2_ws/src/cpp_pubsub'
[0.992s] INFO:colcon.colcon_core.plugin_system:Skipping extension 'colcon_core.shell.bat': Not used on non-Windows systems
[0.993s] INFO:colcon.colcon_core.shell:Skip shell extension 'powershell' for command environment: Not usable outside of PowerShell
[0.993s] DEBUG:colcon.colcon_core.shell:Skip shell extension 'dsv' for command environment
[1.033s] DEBUG:colcon.colcon_core.event_handler.log_command:Invoking command in '/home/light/ros2_ws/src/cpp_pubsub/build/cpp_pubsub': CMAKE_PREFIX_PATH=/opt/ros/humble /usr/bin/cmake /home/light/ros2_ws/src/cpp_pubsub -DCMAKE_INSTALL_PREFIX=/home/light/ros2_ws/src/cpp_pubsub/install/cpp_pubsub
[2.553s] DEBUG:colcon.colcon_core.event_handler.log_command:Invoked command in '/home/light/ros2_ws/src/cpp_pubsub/build/cpp_pubsub' returned '1': CMAKE_PREFIX_PATH=/opt/ros/humble /usr/bin/cmake /home/light/ros2_ws/src/cpp_pubsub -DCMAKE_INSTALL_PREFIX=/home/light/ros2_ws/src/cpp_pubsub/install/cpp_pubsub
[2.572s] Level 1:colcon.colcon_core.environment:create_environment_scripts_only(cpp_pubsub)
[2.584s] Level 1:colcon.colcon_core.environment:checking '/home/light/ros2_ws/src/cpp_pubsub/install/cpp_pubsub' for CMake module files
[2.585s] Level 1:colcon.colcon_core.environment:checking '/home/light/ros2_ws/src/cpp_pubsub/install/cpp_pubsub' for CMake config files
[2.585s] Level 1:colcon.colcon_core.environment:checking '/home/light/ros2_ws/src/cpp_pubsub/install/cpp_pubsub/bin'
[2.585s] Level 1:colcon.colcon_core.environment:checking '/home/light/ros2_ws/src/cpp_pubsub/install/cpp_pubsub/lib/pkgconfig/cpp_pubsub.pc'
[2.585s] Level 1:colcon.colcon_core.environment:checking '/home/light/ros2_ws/src/cpp_pubsub/install/cpp_pubsub/lib/python3.10/site-packages'
[2.585s] Level 1:colcon.colcon_core.environment:checking '/home/light/ros2_ws/src/cpp_pubsub/install/cpp_pubsub/bin'
[2.595s] INFO:colcon.colcon_core.shell:Creating package script '/home/light/ros2_ws/src/cpp_pubsub/install/cpp_pubsub/share/cpp_pubsub/package.ps1'
[2.596s] INFO:colcon.colcon_core.shell:Creating package descriptor '/home/light/ros2_ws/src/cpp_pubsub/install/cpp_pubsub/share/cpp_pubsub/package.dsv'
[2.596s] INFO:colcon.colcon_core.shell:Creating package script '/home/light/ros2_ws/src/cpp_pubsub/install/cpp_pubsub/share/cpp_pubsub/package.sh'
[2.597s] INFO:colcon.colcon_core.shell:Creating package script '/home/light/ros2_ws/src/cpp_pubsub/install/cpp_pubsub/share/cpp_pubsub/package.bash'
[2.597s] INFO:colcon.colcon_core.shell:Creating package script '/home/light/ros2_ws/src/cpp_pubsub/install/cpp_pubsub/share/cpp_pubsub/package.zsh'
[2.597s] Level 1:colcon.colcon_core.environment:create_file_with_runtime_dependencies(/home/light/ros2_ws/src/cpp_pubsub/install/cpp_pubsub/share/colcon-core/packages/cpp_pubsub)
[2.608s] DEBUG:colcon.colcon_parallel_executor.executor.parallel:closing loop
[2.608s] DEBUG:colcon.colcon_parallel_executor.executor.parallel:loop closed
[2.608s] DEBUG:colcon.colcon_parallel_executor.executor.parallel:run_until_complete finished with '1'
[2.608s] DEBUG:colcon.colcon_core.event_reactor:joining thread
[2.621s] INFO:colcon.colcon_core.plugin_system:Skipping extension 'colcon_notification.desktop_notification.terminal_notifier': Not used on non-Darwin systems
[2.622s] INFO:colcon.colcon_core.plugin_system:Skipping extension 'colcon_notification.desktop_notification.win32': Not used on non-Windows systems
[2.622s] INFO:colcon.colcon_notification.desktop_notification:Sending desktop notification using 'notify2'
[2.634s] DEBUG:colcon.colcon_core.event_reactor:joined thread
[2.644s] INFO:colcon.colcon_core.shell:Creating prefix script '/home/light/ros2_ws/src/cpp_pubsub/install/local_setup.ps1'
[2.645s] INFO:colcon.colcon_core.shell:Creating prefix util module '/home/light/ros2_ws/src/cpp_pubsub/install/_local_setup_util_ps1.py'
[2.646s] INFO:colcon.colcon_core.shell:Creating prefix chain script '/home/light/ros2_ws/src/cpp_pubsub/install/setup.ps1'
[2.657s] INFO:colcon.colcon_core.shell:Creating prefix script '/home/light/ros2_ws/src/cpp_pubsub/install/local_setup.sh'
[2.657s] INFO:colcon.colcon_core.shell:Creating prefix util module '/home/light/ros2_ws/src/cpp_pubsub/install/_local_setup_util_sh.py'
[2.657s] INFO:colcon.colcon_core.shell:Creating prefix chain script '/home/light/ros2_ws/src/cpp_pubsub/install/setup.sh'
[2.668s] INFO:colcon.colcon_core.shell:Creating prefix script '/home/light/ros2_ws/src/cpp_pubsub/install/local_setup.bash'
[2.669s] INFO:colcon.colcon_core.shell:Creating prefix chain script '/home/light/ros2_ws/src/cpp_pubsub/install/setup.bash'
[2.680s] INFO:colcon.colcon_core.shell:Creating prefix script '/home/light/ros2_ws/src/cpp_pubsub/install/local_setup.zsh'
[2.680s] INFO:colcon.colcon_core.shell:Creating prefix chain script '/home/light/ros2_ws/src/cpp_pubsub/install/setup.zsh'
