[0.052s] Invoking command in '/home/light/ros2_ws/src/cpp_pubsub/build/cpp_pubsub': CMAKE_PREFIX_PATH=/opt/ros/humble /usr/bin/cmake /home/light/ros2_ws/src/cpp_pubsub -DCMAKE_INSTALL_PREFIX=/home/light/ros2_ws/src/cpp_pubsub/install/cpp_pubsub
[0.064s] -- Found ament_cmake: 1.3.6 (/opt/ros/humble/share/ament_cmake/cmake)
[0.199s] -- Found rclcpp: 16.0.7 (/opt/ros/humble/share/rclcpp/cmake)
[0.221s] -- Found rosidl_generator_c: 3.1.5 (/opt/ros/humble/share/rosidl_generator_c/cmake)
[0.223s] -- Found rosidl_adapter: 3.1.5 (/opt/ros/humble/share/rosidl_adapter/cmake)
[0.227s] -- Found rosidl_generator_cpp: 3.1.5 (/opt/ros/humble/share/rosidl_generator_cpp/cmake)
[0.234s] -- Using all available rosidl_typesupport_c: rosidl_typesupport_fastrtps_c;rosidl_typesupport_introspection_c
[0.245s] -- Using all available rosidl_typesupport_cpp: rosidl_typesupport_fastrtps_cpp;rosidl_typesupport_introspection_cpp
[0.283s] -- Found rmw_implementation_cmake: 6.1.1 (/opt/ros/humble/share/rmw_implementation_cmake/cmake)
[0.284s] -- Found rmw_fastrtps_cpp: 6.2.5 (/opt/ros/humble/share/rmw_fastrtps_cpp/cmake)
[0.407s] -- Using RMW implementation 'rmw_fastrtps_cpp' as default
[0.581s] -- Configuring done
[0.589s] -- Generating done
[0.590s] -- Build files have been written to: /home/light/ros2_ws/src/cpp_pubsub/build/cpp_pubsub
[0.597s] Invoked command in '/home/light/ros2_ws/src/cpp_pubsub/build/cpp_pubsub' returned '0': CMAKE_PREFIX_PATH=/opt/ros/humble /usr/bin/cmake /home/light/ros2_ws/src/cpp_pubsub -DCMAKE_INSTALL_PREFIX=/home/light/ros2_ws/src/cpp_pubsub/install/cpp_pubsub
[0.599s] Invoking command in '/home/light/ros2_ws/src/cpp_pubsub/build/cpp_pubsub': CMAKE_PREFIX_PATH=/opt/ros/humble /usr/bin/cmake --build /home/light/ros2_ws/src/cpp_pubsub/build/cpp_pubsub -- -j8 -l8
[0.694s] [ 25%] [32mBuilding CXX object CMakeFiles/listener.dir/src/subscriber_member_function.cpp.o[0m
[0.694s] [ 50%] [32mBuilding CXX object CMakeFiles/talker.dir/src/publisher_member_function.cpp.o[0m
[3.980s] [ 75%] [32m[1mLinking CXX executable talker[0m
[4.165s] [ 75%] Built target talker
[6.643s] [100%] [32m[1mLinking CXX executable listener[0m
[6.964s] [100%] Built target listener
[6.987s] Invoked command in '/home/light/ros2_ws/src/cpp_pubsub/build/cpp_pubsub' returned '0': CMAKE_PREFIX_PATH=/opt/ros/humble /usr/bin/cmake --build /home/light/ros2_ws/src/cpp_pubsub/build/cpp_pubsub -- -j8 -l8
[7.146s] Invoking command in '/home/light/ros2_ws/src/cpp_pubsub/build/cpp_pubsub': CMAKE_PREFIX_PATH=/opt/ros/humble /usr/bin/cmake --install /home/light/ros2_ws/src/cpp_pubsub/build/cpp_pubsub
[7.155s] -- Install configuration: ""
[7.155s] -- Installing: /home/light/ros2_ws/src/cpp_pubsub/install/cpp_pubsub/lib/cpp_pubsub/talker
[7.194s] -- Set runtime path of "/home/light/ros2_ws/src/cpp_pubsub/install/cpp_pubsub/lib/cpp_pubsub/talker" to ""
[7.195s] -- Installing: /home/light/ros2_ws/src/cpp_pubsub/install/cpp_pubsub/lib/cpp_pubsub/listener
[7.200s] -- Set runtime path of "/home/light/ros2_ws/src/cpp_pubsub/install/cpp_pubsub/lib/cpp_pubsub/listener" to ""
[7.200s] -- Installing: /home/light/ros2_ws/src/cpp_pubsub/install/cpp_pubsub/share/ament_index/resource_index/package_run_dependencies/cpp_pubsub
[7.200s] -- Installing: /home/light/ros2_ws/src/cpp_pubsub/install/cpp_pubsub/share/ament_index/resource_index/parent_prefix_path/cpp_pubsub
[7.200s] -- Installing: /home/light/ros2_ws/src/cpp_pubsub/install/cpp_pubsub/share/cpp_pubsub/environment/ament_prefix_path.sh
[7.200s] -- Installing: /home/light/ros2_ws/src/cpp_pubsub/install/cpp_pubsub/share/cpp_pubsub/environment/ament_prefix_path.dsv
[7.201s] -- Installing: /home/light/ros2_ws/src/cpp_pubsub/install/cpp_pubsub/share/cpp_pubsub/environment/path.sh
[7.201s] -- Installing: /home/light/ros2_ws/src/cpp_pubsub/install/cpp_pubsub/share/cpp_pubsub/environment/path.dsv
[7.201s] -- Installing: /home/light/ros2_ws/src/cpp_pubsub/install/cpp_pubsub/share/cpp_pubsub/local_setup.bash
[7.201s] -- Installing: /home/light/ros2_ws/src/cpp_pubsub/install/cpp_pubsub/share/cpp_pubsub/local_setup.sh
[7.201s] -- Installing: /home/light/ros2_ws/src/cpp_pubsub/install/cpp_pubsub/share/cpp_pubsub/local_setup.zsh
[7.201s] -- Installing: /home/light/ros2_ws/src/cpp_pubsub/install/cpp_pubsub/share/cpp_pubsub/local_setup.dsv
[7.201s] -- Installing: /home/light/ros2_ws/src/cpp_pubsub/install/cpp_pubsub/share/cpp_pubsub/package.dsv
[7.201s] -- Installing: /home/light/ros2_ws/src/cpp_pubsub/install/cpp_pubsub/share/ament_index/resource_index/packages/cpp_pubsub
[7.201s] -- Installing: /home/light/ros2_ws/src/cpp_pubsub/install/cpp_pubsub/share/cpp_pubsub/cmake/cpp_pubsubConfig.cmake
[7.201s] -- Installing: /home/light/ros2_ws/src/cpp_pubsub/install/cpp_pubsub/share/cpp_pubsub/cmake/cpp_pubsubConfig-version.cmake
[7.201s] -- Installing: /home/light/ros2_ws/src/cpp_pubsub/install/cpp_pubsub/share/cpp_pubsub/package.xml
[7.203s] Invoked command in '/home/light/ros2_ws/src/cpp_pubsub/build/cpp_pubsub' returned '0': CMAKE_PREFIX_PATH=/opt/ros/humble /usr/bin/cmake --install /home/light/ros2_ws/src/cpp_pubsub/build/cpp_pubsub
